<?xml version="1.0" encoding="UTF-8"?>
<!-- Generated by org.testng.reporters.JUnitXMLReporter -->
<testsuite ignored="0" hostname="DESKTOP-EIC10K6" failures="2" tests="18" name="Test" time="129.64" errors="0" timestamp="2023-12-10T18:20:59 IST">
  <testcase classname="test.LoginTest" name="f" time="0.0">
    <skipped/>
  </testcase> <!-- f -->
  <testcase classname="test.ProjectTest" name="verifyAddNote" time="3.958">
    <skipped/>
  </testcase> <!-- verifyAddNote -->
  <testcase classname="test.ProjectTest" name="verifyAddNote" time="4.123">
    <skipped/>
  </testcase> <!-- verifyAddNote -->
  <testcase classname="test.ProjectTest" name="verifyAddNote" time="3.441">
    <failure type="java.lang.NullPointerException" message="Cannot invoke &amp;quot;org.apache.poi.xssf.usermodel.XSSFSheet.getRow(int)&amp;quot; because &amp;quot;utility.ExcelRead.sh&amp;quot; is null">
      <![CDATA[java.lang.NullPointerException: Cannot invoke "org.apache.poi.xssf.usermodel.XSSFSheet.getRow(int)" because "utility.ExcelRead.sh" is null
at utility.ExcelRead.getString(ExcelRead.java:85)
at test.ProjectTest.verifyAddNote(ProjectTest.java:35)
at java.base/java.util.ArrayList.forEach(ArrayList.java:1511)
... Removed 27 stack frames]]>
    </failure>
  </testcase> <!-- verifyAddNote -->
  <testcase classname="test.ProjectTest" name="verifySearchNote" time="2.524"/>
  <testcase classname="test.NotesTest" name="verifyAddNote" time="4.415"/>
  <testcase classname="test.NotesTest" name="verifySearchNote" time="2.569"/>
  <testcase classname="test.NotesTest" name="verifyEditNote" time="2.712">
    <skipped/>
  </testcase> <!-- verifyEditNote -->
  <testcase classname="test.NotesTest" name="verifyEditNote" time="2.858"/>
  <testcase classname="test.NotesTest" name="verifyDeleteEditNote" time="3.572"/>
  <testcase classname="test.ClientTest" name="verifyAddNote" time="5.826">
    <skipped/>
  </testcase> <!-- verifyAddNote -->
  <testcase classname="test.ClientTest" name="verifyAddNote" time="5.887">
    <skipped/>
  </testcase> <!-- verifyAddNote -->
  <testcase classname="test.ClientTest" name="verifyAddNote" time="5.928"/>
  <testcase classname="test.ClientTest" name="verifySearchNote" time="2.623"/>
  <testcase classname="test.ClientTest" name="verifyEditNote" time="3.941">
    <skipped/>
  </testcase> <!-- verifyEditNote -->
  <testcase classname="test.ClientTest" name="verifyEditNote" time="3.884">
    <skipped/>
  </testcase> <!-- verifyEditNote -->
  <testcase classname="test.ClientTest" name="verifyEditNote" time="3.866">
    <failure type="org.openqa.selenium.ElementClickInterceptedException" message="element click intercepted: Element &amp;lt;input type=&amp;quot;search&amp;quot; class=&amp;quot;&amp;quot; placeholder=&amp;quot;Search&amp;quot; aria-controls=&amp;quot;client-table&amp;quot;&amp;gt; is not clickable at point (1400, 156). Other element would receive the click: &amp;lt;div class=&amp;quot;modal in&amp;quot; id=&amp;quot;ajaxModal&amp;quot; tabindex=&amp;quot;-1&amp;quot; role=&amp;quot;dialog&amp;quot; aria-labelledby=&amp;quot;ajaxModal&amp;quot; aria-hidden=&amp;quot;true&amp;quot; style=&amp;quot;display: block;&amp;quot;&amp;gt;...&amp;lt;/div&amp;gt;
  (Session info: chrome=119.0.6045.200)
Build info: version: &amp;apos;4.11.0&amp;apos;, revision: &amp;apos;040bc5406b&amp;apos;
System info: os.name: &amp;apos;Windows 10&amp;apos;, os.arch: &amp;apos;amd64&amp;apos;, os.version: &amp;apos;10.0&amp;apos;, java.version: &amp;apos;17.0.7&amp;apos;
Driver info: org.openqa.selenium.chrome.ChromeDriver
Command: [9949dab2da670df95629d239715a6bf2, clickElement {id=C54CB327728AD9DF1D8138C90BABC913_element_57}]
Capabilities {acceptInsecureCerts: false, browserName: chrome, browserVersion: 119.0.6045.200, chrome: {chromedriverVersion: 119.0.6045.105 (38c72552c5e..., userDataDir: C:\Users\saiju\AppData\Loca...}, fedcm:accounts: true, goog:chromeOptions: {debuggerAddress: localhost:59694}, networkConnectionEnabled: false, pageLoadStrategy: normal, platformName: windows, proxy: Proxy(), se:cdp: ws://localhost:59694/devtoo..., se:cdpVersion: 119.0.6045.200, setWindowRect: true, strictFileInteractability: false, timeouts: {implicit: 0, pageLoad: 300000, script: 30000}, unhandledPromptBehavior: dismiss and notify, webauthn:extension:credBlob: true, webauthn:extension:largeBlob: true, webauthn:extension:minPinLength: true, webauthn:extension:prf: true, webauthn:virtualAuthenticators: true}
Element: [[ChromeDriver: chrome on windows (9949dab2da670df95629d239715a6bf2)] -&amp;gt; xpath: //input[@type=&amp;apos;search&amp;apos;]]
Session ID: 9949dab2da670df95629d239715a6bf2">
      <![CDATA[org.openqa.selenium.ElementClickInterceptedException: element click intercepted: Element <input type="search" class="" placeholder="Search" aria-controls="client-table"> is not clickable at point (1400, 156). Other element would receive the click: <div class="modal in" id="ajaxModal" tabindex="-1" role="dialog" aria-labelledby="ajaxModal" aria-hidden="true" style="display: block;">...</div>
  (Session info: chrome=119.0.6045.200)
Build info: version: '4.11.0', revision: '040bc5406b'
System info: os.name: 'Windows 10', os.arch: 'amd64', os.version: '10.0', java.version: '17.0.7'
Driver info: org.openqa.selenium.chrome.ChromeDriver
Command: [9949dab2da670df95629d239715a6bf2, clickElement {id=C54CB327728AD9DF1D8138C90BABC913_element_57}]
Capabilities {acceptInsecureCerts: false, browserName: chrome, browserVersion: 119.0.6045.200, chrome: {chromedriverVersion: 119.0.6045.105 (38c72552c5e..., userDataDir: C:\Users\saiju\AppData\Loca...}, fedcm:accounts: true, goog:chromeOptions: {debuggerAddress: localhost:59694}, networkConnectionEnabled: false, pageLoadStrategy: normal, platformName: windows, proxy: Proxy(), se:cdp: ws://localhost:59694/devtoo..., se:cdpVersion: 119.0.6045.200, setWindowRect: true, strictFileInteractability: false, timeouts: {implicit: 0, pageLoad: 300000, script: 30000}, unhandledPromptBehavior: dismiss and notify, webauthn:extension:credBlob: true, webauthn:extension:largeBlob: true, webauthn:extension:minPinLength: true, webauthn:extension:prf: true, webauthn:virtualAuthenticators: true}
Element: [[ChromeDriver: chrome on windows (9949dab2da670df95629d239715a6bf2)] -> xpath: //input[@type='search']]
Session ID: 9949dab2da670df95629d239715a6bf2
at org.openqa.selenium.remote.codec.w3c.W3CHttpResponseCodec.createException(W3CHttpResponseCodec.java:200)
at org.openqa.selenium.remote.codec.w3c.W3CHttpResponseCodec.decode(W3CHttpResponseCodec.java:133)
at org.openqa.selenium.remote.codec.w3c.W3CHttpResponseCodec.decode(W3CHttpResponseCodec.java:52)
at org.openqa.selenium.remote.HttpCommandExecutor.execute(HttpCommandExecutor.java:191)
at org.openqa.selenium.remote.service.DriverCommandExecutor.invokeExecute(DriverCommandExecutor.java:196)
at org.openqa.selenium.remote.service.DriverCommandExecutor.execute(DriverCommandExecutor.java:171)
at org.openqa.selenium.remote.RemoteWebDriver.execute(RemoteWebDriver.java:518)
at org.openqa.selenium.remote.RemoteWebElement.execute(RemoteWebElement.java:224)
at org.openqa.selenium.remote.RemoteWebElement.click(RemoteWebElement.java:77)
at org.openqa.selenium.support.pagefactory.internal.LocatingElementHandler.invoke(LocatingElementHandler.java:51)
at jdk.proxy2/jdk.proxy2.$Proxy19.click(Unknown Source)
at utility.ElementUtility.doClick(ElementUtility.java:46)
at page.ClientPage.doEdit(ClientPage.java:212)
at test.ClientTest.verifyEditNote(ClientTest.java:68)
at java.base/java.util.ArrayList.forEach(ArrayList.java:1511)
... Removed 35 stack frames]]>
    </failure>
  </testcase> <!-- verifyEditNote -->
  <testcase classname="test.ClientTest" name="verifyDeleteEditNote" time="3.352"/>
</testsuite> <!-- Test -->
